<?xml version="1.0" encoding="UTF-8"?>
<testsuite name="SILab2Test" tests="2" skipped="0" failures="0" errors="0" timestamp="2020-06-12T22:10:40" hostname="DESKTOP-1AKJMUB" time="0.243">
  <properties/>
  <testcase name="everyStatementTest()" classname="SILab2Test" time="0.197"/>
  <testcase name="everyBranchTest()" classname="SILab2Test" time="0.008"/>
  <system-out><![CDATA[]]></system-out>
  <system-err><![CDATA[]]></system-err>
</testsuite>
